{
  "RSpec": {
    "coverage": {
      "/Users/alisonwoodman/Documents/Makers/week-10/practice-tech-tests/bank-tech-test/spec/account_interface_spec.rb": [
        1,
        1,
        null,
        1,
        9,
        9,
        8,
        4,
        2,
        null,
        1,
        1,
        null,
        null,
        1,
        2,
        2,
        null,
        null,
        1,
        2,
        2,
        null,
        null,
        1,
        2,
        2,
        null,
        null,
        1,
        2,
        2,
        null,
        null,
        1,
        2,
        2,
        null,
        null,
        1,
        2,
        2,
        null,
        null,
        1,
        1,
        1,
        1,
        null,
        null,
        null
      ],
      "/Users/alisonwoodman/Documents/Makers/week-10/practice-tech-tests/bank-tech-test/lib/account_interface.rb": [
        1,
        1,
        1,
        null,
        1,
        8,
        8,
        null,
        null,
        1,
        4,
        null,
        null,
        1,
        3,
        null,
        null,
        1,
        1,
        1,
        2,
        null,
        1,
        null,
        null
      ],
      "/Users/alisonwoodman/Documents/Makers/week-10/practice-tech-tests/bank-tech-test/lib/account.rb": [
        1,
        1,
        null,
        1,
        null,
        1,
        14,
        14,
        14,
        14,
        14,
        null,
        null,
        1,
        8,
        8,
        null,
        null,
        1,
        null,
        1,
        8,
        8,
        8,
        null,
        null,
        1,
        8,
        null,
        null,
        1,
        8,
        null,
        null,
        1,
        8,
        null,
        null
      ],
      "/Users/alisonwoodman/Documents/Makers/week-10/practice-tech-tests/bank-tech-test/spec/account_spec.rb": [
        1,
        null,
        1,
        7,
        2,
        2,
        2,
        3,
        null,
        1,
        1,
        null,
        null,
        1,
        1,
        null,
        null,
        1,
        1,
        null,
        null,
        1,
        1,
        null,
        null,
        1,
        1,
        null,
        null,
        1,
        1,
        1,
        null,
        null,
        null
      ],
      "/Users/alisonwoodman/Documents/Makers/week-10/practice-tech-tests/bank-tech-test/spec/features/print_statement_spec.rb": [
        null,
        null,
        null,
        null,
        null,
        null,
        null,
        null
      ]
    },
    "timestamp": 1504543555
  }
}
