{
  "RSpec": {
    "coverage": {
      "/Users/alisonwoodman/Documents/Makers/week-10/practice-tech-tests/bank-tech-test/spec/account_interface_spec.rb": [
        1,
        1,
        null,
        1,
        5,
        5,
        4,
        2,
        2,
        1,
        1,
        1,
        null,
        1,
        1,
        1,
        null,
        null,
        null,
        1,
        1,
        1,
        1,
        null,
        null,
        null,
        1,
        1,
        1,
        1,
        null,
        null,
        null,
        1,
        1,
        1,
        2,
        null,
        null,
        null
      ],
      "/Users/alisonwoodman/Documents/Makers/week-10/practice-tech-tests/bank-tech-test/lib/account_interface.rb": [
        1,
        1,
        null,
        1,
        4,
        null,
        null,
        1,
        2,
        null,
        null,
        1,
        1,
        null,
        null,
        1,
        1,
        1,
        1,
        null,
        1,
        null,
        null
      ],
      "/Users/alisonwoodman/Documents/Makers/week-10/practice-tech-tests/bank-tech-test/lib/account.rb": [
        1,
        1,
        null,
        1,
        null,
        1,
        15,
        15,
        15,
        15,
        15,
        15,
        null,
        null,
        1,
        7,
        7,
        null,
        null,
        1,
        null,
        1,
        7,
        7,
        7,
        null,
        null,
        1,
        7,
        null,
        null,
        1,
        7,
        7,
        null,
        null,
        1,
        7,
        5,
        5,
        null,
        2,
        2,
        null,
        null,
        null
      ],
      "/Users/alisonwoodman/Documents/Makers/week-10/practice-tech-tests/bank-tech-test/spec/account_spec.rb": [
        1,
        null,
        1,
        12,
        2,
        7,
        4,
        3,
        1,
        2,
        null,
        1,
        1,
        1,
        null,
        null,
        1,
        1,
        null,
        null,
        1,
        1,
        null,
        null,
        1,
        1,
        null,
        null,
        1,
        1,
        null,
        null,
        null,
        1,
        1,
        4,
        null,
        1,
        1,
        null,
        null,
        1,
        1,
        null,
        null,
        1,
        1,
        null,
        null,
        1,
        1,
        null,
        null,
        null,
        1,
        1,
        2,
        null,
        1,
        1,
        null,
        null,
        1,
        1,
        null,
        null,
        null
      ]
    },
    "timestamp": 1504615692
  }
}
